2019-06-19 21:53:20,203 [main] INFO nopcommerceV2 - User provided
2019-06-19 21:53:20,333 [main] INFO nopcommerceV2 - Password provided
2019-06-19 21:53:27,923 [main] INFO nopcommerceV2 - Login in Clicked
2019-06-19 21:53:31,740 [main] INFO nopcommerceV2 - Login Passed
2019-06-19 21:53:37,456 [main] INFO nopcommerceV2 - **************** Starting TC_LoginDDT_002 ************* 
2019-06-19 21:53:39,112 [main] INFO nopcommerceV2 - **************** Proving login details ************* 
2019-06-19 21:53:50,970 [main] INFO nopcommerceV2 - **************** loginTest is Passed ************* 
2019-06-19 21:53:50,971 [main] INFO nopcommerceV2 - **************** Finished TC_LoginTest_001 ************* 
2019-06-19 21:53:50,981 [main] INFO nopcommerceV2 - **************** Starting TC_LoginDDT_002 ************* 
2019-06-19 21:53:52,061 [main] INFO nopcommerceV2 - **************** Proving login details ************* 
2019-06-19 21:53:58,385 [main] WARN nopcommerceV2 - **************** loginTest is Failed************* 
2019-06-19 21:53:58,396 [main] INFO nopcommerceV2 - **************** Starting TC_LoginDDT_002 ************* 
2019-06-19 21:53:59,430 [main] INFO nopcommerceV2 - **************** Proving login details ************* 
2019-06-19 21:54:05,273 [main] WARN nopcommerceV2 - **************** loginTest is Failed************* 
2019-06-19 21:54:05,280 [main] INFO nopcommerceV2 - **************** Starting TC_LoginDDT_002 ************* 
2019-06-19 21:54:06,289 [main] INFO nopcommerceV2 - **************** Proving login details ************* 
2019-06-19 21:54:12,149 [main] WARN nopcommerceV2 - **************** loginTest is Failed************* 
2019-06-19 21:54:23,536 [main] INFO nopcommerceV2 - ***************   TC_AddCustomerTest_003 statred  *********** 
2019-06-19 21:54:27,863 [main] INFO nopcommerceV2 - ***************  Providing customer details  *********** 
2019-06-19 21:54:35,912 [main] INFO nopcommerceV2 - ***************  Customer added succesfully *********** 
2019-06-19 21:54:35,912 [main] INFO nopcommerceV2 - ***************   TC_AddCustomerTest_003 Finished  *********** 
2019-06-19 22:10:33,270 [main] INFO nopcommerceV2 - User provided
2019-06-19 22:10:33,468 [main] INFO nopcommerceV2 - Password provided
2019-06-19 22:10:48,561 [main] INFO nopcommerceV2 - Login in Clicked
2019-06-19 22:10:52,876 [main] INFO nopcommerceV2 - Login Passed
2019-06-19 22:11:05,160 [main] INFO nopcommerceV2 - ***************   TC_AddCustomerTest_003 statred  *********** 
2019-06-19 22:11:13,586 [main] INFO nopcommerceV2 - ***************  Providing customer details  *********** 
2019-06-19 22:11:21,049 [main] INFO nopcommerceV2 - ***************  Customer added succesfully *********** 
2019-06-19 22:11:21,051 [main] INFO nopcommerceV2 - ***************   TC_AddCustomerTest_003 Finished  *********** 
2019-06-19 22:22:48,078 [main] INFO nopcommerceV2 - User provided
2019-06-19 22:22:48,268 [main] INFO nopcommerceV2 - Password provided
2019-06-19 22:22:54,644 [main] INFO nopcommerceV2 - Login in Clicked
2019-06-19 22:22:59,105 [main] INFO nopcommerceV2 - Login Passed
2019-06-19 22:23:11,308 [main] INFO nopcommerceV2 - ***************   TC_AddCustomerTest_003 statred  *********** 
2019-06-19 22:23:17,275 [main] INFO nopcommerceV2 - ***************  Providing customer details  *********** 
2019-06-19 22:23:24,185 [main] INFO nopcommerceV2 - ***************  Customer added succesfully *********** 
2019-06-19 22:23:24,185 [main] INFO nopcommerceV2 - ***************   TC_AddCustomerTest_003 Finished  *********** 
2019-06-20 14:47:15,261 [main] INFO nopcommerceV2 - User provided
2019-06-20 14:47:15,375 [main] INFO nopcommerceV2 - Password provided
2019-06-20 14:47:20,409 [main] INFO nopcommerceV2 - Login in Clicked
2019-06-20 14:47:24,146 [main] INFO nopcommerceV2 - Login Passed
2019-06-20 14:47:34,100 [main] INFO nopcommerceV2 - ***************   TC_AddCustomerTest_003 statred  *********** 
2019-06-20 14:47:39,918 [main] INFO nopcommerceV2 - ***************  Providing customer details  *********** 
2019-06-20 14:47:46,318 [main] INFO nopcommerceV2 - ***************  Customer added succesfully *********** 
2019-06-20 14:47:46,318 [main] INFO nopcommerceV2 - ***************   TC_AddCustomerTest_003 Finished  *********** 
2019-06-20 14:54:20,282 [main] INFO nopcommerceV2 - User provided
2019-06-20 14:54:20,399 [main] INFO nopcommerceV2 - Password provided
2019-06-20 14:54:25,510 [main] INFO nopcommerceV2 - Login in Clicked
2019-06-20 14:54:29,203 [main] INFO nopcommerceV2 - Login Passed
2019-06-20 14:54:38,722 [main] INFO nopcommerceV2 - ***************   TC_AddCustomerTest_003 statred  *********** 
2019-06-20 14:54:43,244 [main] INFO nopcommerceV2 - ***************  Providing customer details  *********** 
2019-06-20 14:54:49,357 [main] INFO nopcommerceV2 - ***************  Customer added succesfully *********** 
2019-06-20 14:54:49,358 [main] INFO nopcommerceV2 - ***************   TC_AddCustomerTest_003 Finished  *********** 
2019-06-20 14:58:20,426 [main] INFO nopcommerceV2 - User provided
2019-06-20 14:58:20,561 [main] INFO nopcommerceV2 - Password provided
2019-06-20 14:58:26,795 [main] INFO nopcommerceV2 - Login in Clicked
2019-06-20 14:58:30,842 [main] INFO nopcommerceV2 - Login Passed
2019-06-20 14:58:40,826 [main] INFO nopcommerceV2 - ***************   TC_AddCustomerTest_003 statred  *********** 
2019-06-20 14:58:49,130 [main] INFO nopcommerceV2 - ***************  Providing customer details  *********** 
2019-06-20 14:58:55,682 [main] INFO nopcommerceV2 - ***************  Customer added succesfully *********** 
2019-06-20 14:58:55,683 [main] INFO nopcommerceV2 - ***************   TC_AddCustomerTest_003 Finished  *********** 
2019-06-20 21:08:19,798 [main] INFO nopcommerceV2 - User provided
2019-06-20 21:08:20,023 [main] INFO nopcommerceV2 - Password provided
2019-06-20 21:08:28,972 [main] INFO nopcommerceV2 - Login in Clicked
2019-06-20 21:08:32,931 [main] INFO nopcommerceV2 - Login Passed
2019-06-20 21:08:44,574 [main] INFO nopcommerceV2 - ***************   TC_AddCustomerTest_003 statred  *********** 
2019-06-20 21:08:53,749 [main] INFO nopcommerceV2 - ***************  Providing customer details  *********** 
2019-06-20 21:09:00,760 [main] INFO nopcommerceV2 - ***************  Customer added succesfully *********** 
2019-06-20 21:09:00,760 [main] INFO nopcommerceV2 - ***************   TC_AddCustomerTest_003 Finished  *********** 
2019-06-20 21:11:59,973 [main] INFO nopcommerceV2 - User provided
2019-06-20 21:12:00,149 [main] INFO nopcommerceV2 - Password provided
2019-06-20 21:12:05,542 [main] INFO nopcommerceV2 - Login in Clicked
2019-06-20 21:12:08,956 [main] INFO nopcommerceV2 - Login Passed
2019-06-20 21:12:20,623 [main] INFO nopcommerceV2 - ***************   TC_AddCustomerTest_003 statred  *********** 
2019-06-20 21:12:26,850 [main] INFO nopcommerceV2 - ***************  Providing customer details  *********** 
2019-06-20 21:12:33,740 [main] INFO nopcommerceV2 - ***************  Customer added succesfully *********** 
2019-06-20 21:12:33,740 [main] INFO nopcommerceV2 - ***************   TC_AddCustomerTest_003 Finished  *********** 
2019-06-20 21:40:43,422 [main] INFO nopcommerceV2 - User provided
2019-06-20 21:40:43,658 [main] INFO nopcommerceV2 - Password provided
2019-06-20 21:40:50,109 [main] INFO nopcommerceV2 - Login in Clicked
2019-06-20 21:40:53,601 [main] INFO nopcommerceV2 - Login Passed
2019-06-20 21:41:05,558 [main] INFO nopcommerceV2 - ***************   TC_AddCustomerTest_003 statred  *********** 
2019-06-20 21:41:12,174 [main] INFO nopcommerceV2 - ***************  Providing customer details  *********** 
2019-06-20 21:41:19,267 [main] INFO nopcommerceV2 - ***************  Customer added succesfully *********** 
2019-06-20 21:41:19,268 [main] INFO nopcommerceV2 - ***************   TC_AddCustomerTest_003 Finished  *********** 
2019-06-20 21:44:21,605 [main] INFO nopcommerceV2 - User provided
2019-06-20 21:44:21,765 [main] INFO nopcommerceV2 - Password provided
2019-06-20 21:44:26,470 [main] INFO nopcommerceV2 - Login in Clicked
2019-06-20 21:44:30,981 [main] INFO nopcommerceV2 - Login Passed
2019-06-20 21:44:43,421 [main] INFO nopcommerceV2 - ***************   TC_AddCustomerTest_003 statred  *********** 
2019-06-20 21:44:47,297 [main] INFO nopcommerceV2 - ***************  Providing customer details  *********** 
2019-06-20 21:44:54,744 [main] INFO nopcommerceV2 - ***************  Customer added succesfully *********** 
2019-06-20 21:44:54,747 [main] INFO nopcommerceV2 - ***************   TC_AddCustomerTest_003 Finished  *********** 
2019-06-20 21:50:03,321 [main] INFO nopcommerceV2 - User provided
2019-06-20 21:50:03,455 [main] INFO nopcommerceV2 - Password provided
2019-06-20 21:50:18,346 [main] INFO nopcommerceV2 - Login in Clicked
2019-06-20 21:50:22,326 [main] INFO nopcommerceV2 - Login Passed
2019-06-20 21:50:34,000 [main] INFO nopcommerceV2 - ***************   TC_AddCustomerTest_003 statred  *********** 
2019-06-20 21:50:43,100 [main] INFO nopcommerceV2 - ***************  Providing customer details  *********** 
2019-06-20 21:50:50,420 [main] INFO nopcommerceV2 - ***************  Customer added succesfully *********** 
2019-06-20 21:50:50,421 [main] INFO nopcommerceV2 - ***************   TC_AddCustomerTest_003 Finished  *********** 
2019-06-21 11:00:05,508 [main] INFO nopcommerceV2 - User provided
2019-06-21 11:00:05,691 [main] INFO nopcommerceV2 - Password provided
2019-06-21 11:00:09,534 [main] INFO nopcommerceV2 - Login in Clicked
2019-06-21 11:00:13,268 [main] INFO nopcommerceV2 - Login Passed
2019-06-21 11:00:24,010 [main] INFO nopcommerceV2 - ***************   TC_AddCustomerTest_003 statred  *********** 
2019-06-21 11:00:27,346 [main] INFO nopcommerceV2 - ***************  Providing customer details  *********** 
2019-06-21 11:00:34,014 [main] INFO nopcommerceV2 - ***************  Customer added succesfully *********** 
2019-06-21 11:00:34,015 [main] INFO nopcommerceV2 - ***************   TC_AddCustomerTest_003 Finished  *********** 
2019-06-21 11:09:26,598 [main] INFO nopcommerceV2 - User provided
2019-06-21 11:09:26,713 [main] INFO nopcommerceV2 - Password provided
2019-06-21 11:09:32,998 [main] INFO nopcommerceV2 - Login in Clicked
2019-06-21 11:09:36,966 [main] INFO nopcommerceV2 - Login Passed
2019-06-21 11:13:29,706 [main] INFO nopcommerceV2 - User provided
2019-06-21 11:13:29,816 [main] INFO nopcommerceV2 - Password provided
2019-06-21 11:13:34,366 [main] INFO nopcommerceV2 - Login in Clicked
2019-06-21 11:13:38,097 [main] INFO nopcommerceV2 - Login Passed
2019-06-21 11:25:16,052 [main] INFO nopcommerceV2 - User provided
2019-06-21 11:25:16,161 [main] INFO nopcommerceV2 - Password provided
2019-06-21 11:25:20,831 [main] INFO nopcommerceV2 - Login in Clicked
2019-06-21 11:25:24,608 [main] INFO nopcommerceV2 - Login Passed
2019-06-21 11:29:33,698 [main] INFO nopcommerceV2 - User provided
2019-06-21 11:29:33,817 [main] INFO nopcommerceV2 - Password provided
2019-06-21 11:29:38,463 [main] INFO nopcommerceV2 - Login in Clicked
2019-06-21 11:29:42,742 [main] INFO nopcommerceV2 - Login Passed
2019-06-21 11:35:56,232 [main] INFO nopcommerceV2 - User provided
2019-06-21 11:35:56,368 [main] INFO nopcommerceV2 - Password provided
2019-06-21 11:36:01,107 [main] INFO nopcommerceV2 - Login in Clicked
2019-06-21 11:36:04,610 [main] INFO nopcommerceV2 - Login Passed
2019-06-21 11:47:20,031 [main] INFO nopcommerceV2 - User provided
2019-06-21 11:47:20,177 [main] INFO nopcommerceV2 - Password provided
2019-06-21 11:47:24,586 [main] INFO nopcommerceV2 - Login in Clicked
2019-06-21 11:47:28,820 [main] INFO nopcommerceV2 - Login Passed
2019-06-21 11:51:57,503 [main] INFO nopcommerceV2 - User provided
2019-06-21 11:51:57,608 [main] INFO nopcommerceV2 - Password provided
2019-06-21 11:52:00,831 [main] INFO nopcommerceV2 - Login in Clicked
2019-06-21 11:52:05,168 [main] INFO nopcommerceV2 - Login Passed
2019-06-21 11:54:15,752 [main] INFO nopcommerceV2 - User provided
2019-06-21 11:54:15,890 [main] INFO nopcommerceV2 - Password provided
2019-06-21 11:54:20,529 [main] INFO nopcommerceV2 - Login in Clicked
2019-06-21 11:54:25,020 [main] INFO nopcommerceV2 - Login Passed
2019-06-21 11:56:21,882 [main] INFO nopcommerceV2 - User provided
2019-06-21 11:56:21,998 [main] INFO nopcommerceV2 - Password provided
2019-06-21 11:56:25,188 [main] INFO nopcommerceV2 - Login in Clicked
2019-06-21 11:56:29,433 [main] INFO nopcommerceV2 - Login Passed
2019-06-21 12:10:53,591 [main] INFO nopcommerceV2 - User provided
2019-06-21 12:10:53,698 [main] INFO nopcommerceV2 - Password provided
2019-06-21 12:10:58,547 [main] INFO nopcommerceV2 - Login in Clicked
2019-06-21 12:11:03,097 [main] INFO nopcommerceV2 - Login Passed
2019-06-21 12:18:09,946 [main] INFO nopcommerceV2 - User provided
2019-06-21 12:18:10,058 [main] INFO nopcommerceV2 - Password provided
2019-06-21 12:18:14,890 [main] INFO nopcommerceV2 - Login in Clicked
2019-06-21 12:18:18,758 [main] INFO nopcommerceV2 - Login Passed
2019-06-21 12:23:57,301 [main] INFO nopcommerceV2 - User provided
2019-06-21 12:23:57,503 [main] INFO nopcommerceV2 - Password provided
2019-06-21 12:24:02,630 [main] INFO nopcommerceV2 - Login in Clicked
2019-06-21 12:24:06,308 [main] INFO nopcommerceV2 - Login Passed
2019-06-21 12:28:56,663 [main] INFO nopcommerceV2 - User provided
2019-06-21 12:28:56,770 [main] INFO nopcommerceV2 - Password provided
2019-06-21 12:29:06,665 [main] INFO nopcommerceV2 - Login in Clicked
2019-06-21 12:29:11,013 [main] INFO nopcommerceV2 - Login Passed
2019-06-21 12:31:09,362 [main] INFO nopcommerceV2 - User provided
2019-06-21 12:31:09,471 [main] INFO nopcommerceV2 - Password provided
2019-06-21 12:31:13,867 [main] INFO nopcommerceV2 - Login in Clicked
2019-06-21 12:31:17,990 [main] INFO nopcommerceV2 - Login Passed
2019-06-21 12:34:35,143 [main] INFO nopcommerceV2 - User provided
2019-06-21 12:34:35,264 [main] INFO nopcommerceV2 - Password provided
2019-06-21 12:34:40,632 [main] INFO nopcommerceV2 - Login in Clicked
2019-06-21 12:34:44,512 [main] INFO nopcommerceV2 - Login Passed
2019-06-21 12:36:47,852 [main] INFO nopcommerceV2 - User provided
2019-06-21 12:36:47,963 [main] INFO nopcommerceV2 - Password provided
2019-06-21 12:36:53,361 [main] INFO nopcommerceV2 - Login in Clicked
2019-06-21 12:36:57,404 [main] INFO nopcommerceV2 - Login Passed
2019-06-21 12:38:41,359 [main] INFO nopcommerceV2 - User provided
2019-06-21 12:38:41,494 [main] INFO nopcommerceV2 - Password provided
2019-06-21 12:38:46,366 [main] INFO nopcommerceV2 - Login in Clicked
2019-06-21 12:38:50,049 [main] INFO nopcommerceV2 - Login Passed
2019-06-21 12:54:02,871 [main] INFO nopcommerceV2 - User provided
2019-06-21 12:54:02,976 [main] INFO nopcommerceV2 - Password provided
2019-06-21 12:54:07,194 [main] INFO nopcommerceV2 - Login in Clicked
2019-06-21 12:54:10,880 [main] INFO nopcommerceV2 - Login Passed
2019-06-21 13:18:11,295 [main] INFO nopcommerceV2 - User provided
2019-06-21 13:18:11,428 [main] INFO nopcommerceV2 - Password provided
2019-06-21 13:18:15,841 [main] INFO nopcommerceV2 - Login in Clicked
2019-06-21 13:18:19,523 [main] INFO nopcommerceV2 - Login Passed
2019-06-21 14:12:17,726 [main] INFO nopcommerceV2 - User provided
2019-06-21 14:12:17,879 [main] INFO nopcommerceV2 - Password provided
2019-06-21 14:12:22,716 [main] INFO nopcommerceV2 - Login in Clicked
2019-06-21 14:12:26,337 [main] INFO nopcommerceV2 - Login Passed
2019-06-21 21:22:50,427 [main] INFO nopcommerceV2 - User provided
2019-06-21 21:22:50,638 [main] INFO nopcommerceV2 - Password provided
2019-06-21 21:22:56,672 [main] INFO nopcommerceV2 - Login in Clicked
2019-06-21 21:23:00,461 [main] INFO nopcommerceV2 - Login Passed
2019-06-21 21:42:29,036 [main] INFO nopcommerceV2 - User provided
2019-06-21 21:42:29,188 [main] INFO nopcommerceV2 - Password provided
2019-06-21 21:42:34,373 [main] INFO nopcommerceV2 - Login in Clicked
2019-06-21 21:42:38,803 [main] INFO nopcommerceV2 - Login Passed
